<?xml version="1.0" encoding="UTF-8"?>
<!-- Generated by org.testng.reporters.JUnitXMLReporter -->
<testsuite ignored="0" hostname="Nexsoft" failures="1" tests="10" name="Default test" time="30.222" errors="0" timestamp="2022-06-17T15:59:50 WIB">
  <testcase classname="com.nexsoft.phptravels_ujian04.TestRegisterFunctionality" name="testRegister_tipedata_Sesuai" time="3.149"/>
  <testcase classname="com.nexsoft.phptravels_ujian04.TestRegisterFunctionality" name="testRegister_Pass_and_repeatPassword_notSame_with_SameAccInformationSame" time="2.746"/>
  <testcase classname="com.nexsoft.phptravels_ujian04.TestRegisterFunctionality" name="testRegister_firstName_and_lastName_notStringh_with_SameAccInformationSame" time="2.83"/>
  <testcase classname="com.nexsoft.phptravels_ujian04.TestRegisterFunctionality" name="testRegister_phone_and_zipCode_notNumber_with_SameAccInformationSame" time="2.707"/>
  <testcase classname="com.nexsoft.phptravels_ujian04.TestRegisterFunctionality" name="testRegister_city_and_state_notvalid_with_SameAccInformationSame" time="2.613"/>
  <testcase classname="com.nexsoft.phptravels_ujian04.TestRegisterFunctionality" name="testRegister_Pass_and_repeatPassword_notSame" time="2.624"/>
  <testcase classname="com.nexsoft.phptravels_ujian04.TestRegisterFunctionality" name="testRegister_firstName_and_lastName_notString" time="2.541"/>
  <testcase classname="com.nexsoft.phptravels_ujian04.TestRegisterFunctionality" name="testRegister_phone_and_zipCode_notNumber" time="2.548"/>
  <testcase classname="com.nexsoft.phptravels_ujian04.TestRegisterFunctionality" name="testRegister_city_and_state_notvalid" time="3.473"/>
  <testcase classname="com.nexsoft.phptravels_ujian04.TestRegisterFunctionality" name="testRegister_Data_Null" time="1.541">
    <failure type="org.openqa.selenium.NoSuchElementException" message="Cannot locate option with value: 
For documentation on this error, please visit: https://selenium.dev/exceptions/#no_such_element
Build info: version: &amp;apos;4.0.0&amp;apos;, revision: &amp;apos;3a21814679&amp;apos;
System info: host: &amp;apos;NEXSOFT&amp;apos;, ip: &amp;apos;10.0.0.23&amp;apos;, os.name: &amp;apos;Windows 11&amp;apos;, os.arch: &amp;apos;amd64&amp;apos;, os.version: &amp;apos;10.0&amp;apos;, java.version: &amp;apos;18.0.1&amp;apos;
Driver info: driver.version: unknown">
      <![CDATA[org.openqa.selenium.NoSuchElementException: Cannot locate option with value: 
For documentation on this error, please visit: https://selenium.dev/exceptions/#no_such_element
Build info: version: '4.0.0', revision: '3a21814679'
System info: host: 'NEXSOFT', ip: '10.0.0.23', os.name: 'Windows 11', os.arch: 'amd64', os.version: '10.0', java.version: '18.0.1'
Driver info: driver.version: unknown
at org.openqa.selenium.support.ui.Select.findOptionsByValue(Select.java:287)
at org.openqa.selenium.support.ui.Select.selectByValue(Select.java:190)
at com.nexsoft.phptravels_ujian04.RegisterPage.registerUser(RegisterPage.java:82)
at com.nexsoft.phptravels_ujian04.TestRegisterFunctionality.testRegister_Data_Null(TestRegisterFunctionality.java:209)
at java.base/jdk.internal.reflect.DirectMethodHandleAccessor.invoke(DirectMethodHandleAccessor.java:104)
at java.base/java.lang.reflect.Method.invoke(Method.java:577)
at org.testng.internal.invokers.MethodInvocationHelper.invokeMethod(MethodInvocationHelper.java:139)
at org.testng.internal.invokers.TestInvoker.invokeMethod(TestInvoker.java:677)
at org.testng.internal.invokers.TestInvoker.invokeTestMethod(TestInvoker.java:221)
at org.testng.internal.invokers.MethodRunner.runInSequence(MethodRunner.java:50)
at org.testng.internal.invokers.TestInvoker$MethodInvocationAgent.invoke(TestInvoker.java:962)
at org.testng.internal.invokers.TestInvoker.invokeTestMethods(TestInvoker.java:194)
at org.testng.internal.invokers.TestMethodWorker.invokeTestMethods(TestMethodWorker.java:148)
at org.testng.internal.invokers.TestMethodWorker.run(TestMethodWorker.java:128)
at java.base/java.util.ArrayList.forEach(ArrayList.java:1511)
at org.testng.TestRunner.privateRun(TestRunner.java:806)
at org.testng.TestRunner.run(TestRunner.java:601)
at org.testng.SuiteRunner.runTest(SuiteRunner.java:433)
at org.testng.SuiteRunner.runSequentially(SuiteRunner.java:427)
at org.testng.SuiteRunner.privateRun(SuiteRunner.java:387)
at org.testng.SuiteRunner.run(SuiteRunner.java:330)
at org.testng.SuiteRunnerWorker.runSuite(SuiteRunnerWorker.java:52)
at org.testng.SuiteRunnerWorker.run(SuiteRunnerWorker.java:95)
at org.testng.TestNG.runSuitesSequentially(TestNG.java:1256)
at org.testng.TestNG.runSuitesLocally(TestNG.java:1176)
at org.testng.TestNG.runSuites(TestNG.java:1099)
at org.testng.TestNG.run(TestNG.java:1067)
at org.testng.remote.AbstractRemoteTestNG.run(AbstractRemoteTestNG.java:115)
at org.testng.remote.RemoteTestNG.initAndRun(RemoteTestNG.java:251)
at org.testng.remote.RemoteTestNG.main(RemoteTestNG.java:77)
]]>
    </failure>
  </testcase> <!-- testRegister_Data_Null -->
</testsuite> <!-- Default test -->
