<html>
<head>
<title>TestNG:  Default test</title>
<link href="../testng.css" rel="stylesheet" type="text/css" />
<link href="../my-testng.css" rel="stylesheet" type="text/css" />

<style type="text/css">
.log { display: none;} 
.stack-trace { display: none;} 
</style>
<script type="text/javascript">
<!--
function flip(e) {
  current = e.style.display;
  if (current == 'block') {
    e.style.display = 'none';
    return 0;
  }
  else {
    e.style.display = 'block';
    return 1;
  }
}

function toggleBox(szDivId, elem, msg1, msg2)
{
  var res = -1;  if (document.getElementById) {
    res = flip(document.getElementById(szDivId));
  }
  else if (document.all) {
    // this is the way old msie versions work
    res = flip(document.all[szDivId]);
  }
  if(elem) {
    if(res == 0) elem.innerHTML = msg1; else elem.innerHTML = msg2;
  }

}

function toggleAllBoxes() {
  if (document.getElementsByTagName) {
    d = document.getElementsByTagName('div');
    for (i = 0; i < d.length; i++) {
      if (d[i].className == 'log') {
        flip(d[i]);
      }
    }
  }
}

// -->
</script>

</head>
<body>
<h2 align='center'>Default test</h2><table border='1' align="center">
<tr>
<td>Tests passed/Failed/Skipped:</td><td>9/1/0</td>
</tr><tr>
<td>Started on:</td><td>Fri Jun 17 15:59:20 WIB 2022</td>
</tr>
<tr><td>Total time:</td><td>30 seconds (30222 ms)</td>
</tr><tr>
<td>Included groups:</td><td></td>
</tr><tr>
<td>Excluded groups:</td><td></td>
</tr>
</table><p/>
<small><i>(Hover the method name to see the test class name)</i></small><p/>
<table width='100%' border='1' class='invocation-failed'>
<tr><td colspan='4' align='center'><b>FAILED TESTS</b></td></tr>
<tr><td><b>Test method</b></td>
<td><b>Attribute(s)</b></td>
<td width="30%"><b>Exception</b></td>
<td width="10%"><b>Time (seconds)</b></td>
<td><b>Instance</b></td>
</tr>
<tr>
<td title='com.nexsoft.phptravels_ujian04.TestRegisterFunctionality.testRegister_Data_Null()'><b>testRegister_Data_Null</b><br>Test class: com.nexsoft.phptravels_ujian04.TestRegisterFunctionality</td>
<td><div><pre>org.openqa.selenium.NoSuchElementException: Cannot locate option with value: 
For documentation on this error, please visit: https://selenium.dev/exceptions/#no_such_element
Build info: version: &apos;4.0.0&apos;, revision: &apos;3a21814679&apos;
System info: host: &apos;NEXSOFT&apos;, ip: &apos;10.0.0.23&apos;, os.name: &apos;Windows 11&apos;, os.arch: &apos;amd64&apos;, os.version: &apos;10.0&apos;, java.version: &apos;18.0.1&apos;
Driver info: driver.version: unknown
	at org.openqa.selenium.support.ui.Select.findOptionsByValue(Select.java:287)
	at org.openqa.selenium.support.ui.Select.selectByValue(Select.java:190)
	at com.nexsoft.phptravels_ujian04.RegisterPage.registerUser(RegisterPage.java:82)
	at com.nexsoft.phptravels_ujian04.TestRegisterFunctionality.testRegister_Data_Null(TestRegisterFunctionality.java:209)
	at java.base/jdk.internal.reflect.DirectMethodHandleAccessor.invoke(DirectMethodHandleAccessor.java:104)
	at java.base/java.lang.reflect.Method.invoke(Method.java:577)
	at org.testng.internal.invokers.MethodInvocationHelper.invokeMethod(MethodInvocationHelper.java:139)
	at org.testng.internal.invokers.TestInvoker.invokeMethod(TestInvoker.java:677)
	at org.testng.internal.invokers.TestInvoker.invokeTestMethod(TestInvoker.java:221)
	at org.testng.internal.invokers.MethodRunner.runInSequence(MethodRunner.java:50)
	at org.testng.internal.invokers.TestInvoker$MethodInvocationAgent.invoke(TestInvoker.java:962)
	at org.testng.internal.invokers.TestInvoker.invokeTestMethods(TestInvoker.java:194)
	at org.testng.internal.invokers.TestMethodWorker.invokeTestMethods(TestMethodWorker.java:148)
	at org.testng.internal.invokers.TestMethodWorker.run(TestMethodWorker.java:128)
	at java.base/java.util.ArrayList.forEach(ArrayList.java:1511)
	at org.testng.TestRunner.privateRun(TestRunner.java:806)
	at org.testng.TestRunner.run(TestRunner.java:601)
	at org.testng.SuiteRunner.runTest(SuiteRunner.java:433)
	at org.testng.SuiteRunner.runSequentially(SuiteRunner.java:427)
	at org.testng.SuiteRunner.privateRun(SuiteRunner.java:387)
	at org.testng.SuiteRunner.run(SuiteRunner.java:330)
	at org.testng.SuiteRunnerWorker.runSuite(SuiteRunnerWorker.java:52)
	at org.testng.SuiteRunnerWorker.run(SuiteRunnerWorker.java:95)
	at org.testng.TestNG.runSuitesSequentially(TestNG.java:1256)
	at org.testng.TestNG.runSuitesLocally(TestNG.java:1176)
	at org.testng.TestNG.runSuites(TestNG.java:1099)
	at org.testng.TestNG.run(TestNG.java:1067)
	at org.testng.remote.AbstractRemoteTestNG.run(AbstractRemoteTestNG.java:115)
	at org.testng.remote.RemoteTestNG.initAndRun(RemoteTestNG.java:251)
	at org.testng.remote.RemoteTestNG.main(RemoteTestNG.java:77)
</pre></div><a href='#' onClick='toggleBox("stack-trace1452943019", this, "Click to show all stack frames", "Click to hide stack frames")'>Click to show all stack frames</a>
<div class='stack-trace' id='stack-trace1452943019'><pre>org.openqa.selenium.NoSuchElementException: Cannot locate option with value: 
For documentation on this error, please visit: https://selenium.dev/exceptions/#no_such_element
Build info: version: &apos;4.0.0&apos;, revision: &apos;3a21814679&apos;
System info: host: &apos;NEXSOFT&apos;, ip: &apos;10.0.0.23&apos;, os.name: &apos;Windows 11&apos;, os.arch: &apos;amd64&apos;, os.version: &apos;10.0&apos;, java.version: &apos;18.0.1&apos;
Driver info: driver.version: unknown
	at org.openqa.selenium.support.ui.Select.findOptionsByValue(Select.java:287)
	at org.openqa.selenium.support.ui.Select.selectByValue(Select.java:190)
	at com.nexsoft.phptravels_ujian04.RegisterPage.registerUser(RegisterPage.java:82)
	at com.nexsoft.phptravels_ujian04.TestRegisterFunctionality.testRegister_Data_Null(TestRegisterFunctionality.java:209)
	at java.base/jdk.internal.reflect.DirectMethodHandleAccessor.invoke(DirectMethodHandleAccessor.java:104)
	at java.base/java.lang.reflect.Method.invoke(Method.java:577)
	at org.testng.internal.invokers.MethodInvocationHelper.invokeMethod(MethodInvocationHelper.java:139)
	at org.testng.internal.invokers.TestInvoker.invokeMethod(TestInvoker.java:677)
	at org.testng.internal.invokers.TestInvoker.invokeTestMethod(TestInvoker.java:221)
	at org.testng.internal.invokers.MethodRunner.runInSequence(MethodRunner.java:50)
	at org.testng.internal.invokers.TestInvoker$MethodInvocationAgent.invoke(TestInvoker.java:962)
	at org.testng.internal.invokers.TestInvoker.invokeTestMethods(TestInvoker.java:194)
	at org.testng.internal.invokers.TestMethodWorker.invokeTestMethods(TestMethodWorker.java:148)
	at org.testng.internal.invokers.TestMethodWorker.run(TestMethodWorker.java:128)
	at java.base/java.util.ArrayList.forEach(ArrayList.java:1511)
	at org.testng.TestRunner.privateRun(TestRunner.java:806)
	at org.testng.TestRunner.run(TestRunner.java:601)
	at org.testng.SuiteRunner.runTest(SuiteRunner.java:433)
	at org.testng.SuiteRunner.runSequentially(SuiteRunner.java:427)
	at org.testng.SuiteRunner.privateRun(SuiteRunner.java:387)
	at org.testng.SuiteRunner.run(SuiteRunner.java:330)
	at org.testng.SuiteRunnerWorker.runSuite(SuiteRunnerWorker.java:52)
	at org.testng.SuiteRunnerWorker.run(SuiteRunnerWorker.java:95)
	at org.testng.TestNG.runSuitesSequentially(TestNG.java:1256)
	at org.testng.TestNG.runSuitesLocally(TestNG.java:1176)
	at org.testng.TestNG.runSuites(TestNG.java:1099)
	at org.testng.TestNG.run(TestNG.java:1067)
	at org.testng.remote.AbstractRemoteTestNG.run(AbstractRemoteTestNG.java:115)
	at org.testng.remote.RemoteTestNG.initAndRun(RemoteTestNG.java:251)
	at org.testng.remote.RemoteTestNG.main(RemoteTestNG.java:77)
</pre></div></td>
<td>1</td>
<td>com.nexsoft.phptravels_ujian04.TestRegisterFunctionality@3cebbb30</td></tr>
</table><p>
<table width='100%' border='1' class='invocation-passed'>
<tr><td colspan='4' align='center'><b>PASSED TESTS</b></td></tr>
<tr><td><b>Test method</b></td>
<td><b>Attribute(s)</b></td>
<td width="30%"><b>Exception</b></td>
<td width="10%"><b>Time (seconds)</b></td>
<td><b>Instance</b></td>
</tr>
<tr>
<td title='com.nexsoft.phptravels_ujian04.TestRegisterFunctionality.testRegister_city_and_state_notvalid_with_SameAccInformationSame()'><b>testRegister_city_and_state_notvalid_with_SameAccInformationSame</b><br>Test class: com.nexsoft.phptravels_ujian04.TestRegisterFunctionality<br/>
<a href="#Output-741431520" onClick='toggleBox("Output-741431520", this, "Show output", "Hide output");'>Show output</a>

<a href="#Output-741431520" onClick="toggleAllBoxes();">Show all outputs</a>
<div class='log' id="Output-741431520">
<img src='file://D:\EclipseWorkSpace\Day20_PHPTravels_UjianM04\screenshot\20220617_155937.png'height="500" width="1200"/><br/>
</div>
</td>
<td></td>
<td>2</td>
<td>com.nexsoft.phptravels_ujian04.TestRegisterFunctionality@3cebbb30</td></tr>
<tr>
<td title='com.nexsoft.phptravels_ujian04.TestRegisterFunctionality.testRegister_firstName_and_lastName_notString()'><b>testRegister_firstName_and_lastName_notString</b><br>Test class: com.nexsoft.phptravels_ujian04.TestRegisterFunctionality<br/>
<a href="#Output-811287498" onClick='toggleBox("Output-811287498", this, "Show output", "Hide output");'>Show output</a>

<a href="#Output-811287498" onClick="toggleAllBoxes();">Show all outputs</a>
<div class='log' id="Output-811287498">
<img src='file://D:\EclipseWorkSpace\Day20_PHPTravels_UjianM04\screenshot\20220617_155942.png'height="500" width="1200"/><br/>
</div>
</td>
<td></td>
<td>2</td>
<td>com.nexsoft.phptravels_ujian04.TestRegisterFunctionality@3cebbb30</td></tr>
<tr>
<td title='com.nexsoft.phptravels_ujian04.TestRegisterFunctionality.testRegister_city_and_state_notvalid()'><b>testRegister_city_and_state_notvalid</b><br>Test class: com.nexsoft.phptravels_ujian04.TestRegisterFunctionality<br/>
<a href="#Output-47865820" onClick='toggleBox("Output-47865820", this, "Show output", "Hide output");'>Show output</a>

<a href="#Output-47865820" onClick="toggleAllBoxes();">Show all outputs</a>
<div class='log' id="Output-47865820">
<img src='file://D:\EclipseWorkSpace\Day20_PHPTravels_UjianM04\screenshot\20220617_155948.png'height="500" width="1200"/><br/>
</div>
</td>
<td></td>
<td>3</td>
<td>com.nexsoft.phptravels_ujian04.TestRegisterFunctionality@3cebbb30</td></tr>
<tr>
<td title='com.nexsoft.phptravels_ujian04.TestRegisterFunctionality.testRegister_tipedata_Sesuai()'><b>testRegister_tipedata_Sesuai</b><br>Test class: com.nexsoft.phptravels_ujian04.TestRegisterFunctionality<br/>
<a href="#Output-309271464" onClick='toggleBox("Output-309271464", this, "Show output", "Hide output");'>Show output</a>

<a href="#Output-309271464" onClick="toggleAllBoxes();">Show all outputs</a>
<div class='log' id="Output-309271464">
<img src='file://D:\EclipseWorkSpace\Day20_PHPTravels_UjianM04\screenshot\20220617_155926.png'height="500" width="1200"/><br/>
</div>
</td>
<td></td>
<td>3</td>
<td>com.nexsoft.phptravels_ujian04.TestRegisterFunctionality@3cebbb30</td></tr>
<tr>
<td title='com.nexsoft.phptravels_ujian04.TestRegisterFunctionality.testRegister_phone_and_zipCode_notNumber()'><b>testRegister_phone_and_zipCode_notNumber</b><br>Test class: com.nexsoft.phptravels_ujian04.TestRegisterFunctionality<br/>
<a href="#Output-946260334" onClick='toggleBox("Output-946260334", this, "Show output", "Hide output");'>Show output</a>

<a href="#Output-946260334" onClick="toggleAllBoxes();">Show all outputs</a>
<div class='log' id="Output-946260334">
<img src='file://D:\EclipseWorkSpace\Day20_PHPTravels_UjianM04\screenshot\20220617_155945.png'height="500" width="1200"/><br/>
</div>
</td>
<td></td>
<td>2</td>
<td>com.nexsoft.phptravels_ujian04.TestRegisterFunctionality@3cebbb30</td></tr>
<tr>
<td title='com.nexsoft.phptravels_ujian04.TestRegisterFunctionality.testRegister_firstName_and_lastName_notStringh_with_SameAccInformationSame()'><b>testRegister_firstName_and_lastName_notStringh_with_SameAccInformationSame</b><br>Test class: com.nexsoft.phptravels_ujian04.TestRegisterFunctionality<br/>
<a href="#Output-2017600489" onClick='toggleBox("Output-2017600489", this, "Show output", "Hide output");'>Show output</a>

<a href="#Output-2017600489" onClick="toggleAllBoxes();">Show all outputs</a>
<div class='log' id="Output-2017600489">
<img src='file://D:\EclipseWorkSpace\Day20_PHPTravels_UjianM04\screenshot\20220617_155932.png'height="500" width="1200"/><br/>
</div>
</td>
<td></td>
<td>2</td>
<td>com.nexsoft.phptravels_ujian04.TestRegisterFunctionality@3cebbb30</td></tr>
<tr>
<td title='com.nexsoft.phptravels_ujian04.TestRegisterFunctionality.testRegister_Pass_and_repeatPassword_notSame_with_SameAccInformationSame()'><b>testRegister_Pass_and_repeatPassword_notSame_with_SameAccInformationSame</b><br>Test class: com.nexsoft.phptravels_ujian04.TestRegisterFunctionality<br/>
<a href="#Output-411474203" onClick='toggleBox("Output-411474203", this, "Show output", "Hide output");'>Show output</a>

<a href="#Output-411474203" onClick="toggleAllBoxes();">Show all outputs</a>
<div class='log' id="Output-411474203">
<img src='file://D:\EclipseWorkSpace\Day20_PHPTravels_UjianM04\screenshot\20220617_155929.png'height="500" width="1200"/><br/>
</div>
</td>
<td></td>
<td>2</td>
<td>com.nexsoft.phptravels_ujian04.TestRegisterFunctionality@3cebbb30</td></tr>
<tr>
<td title='com.nexsoft.phptravels_ujian04.TestRegisterFunctionality.testRegister_phone_and_zipCode_notNumber_with_SameAccInformationSame()'><b>testRegister_phone_and_zipCode_notNumber_with_SameAccInformationSame</b><br>Test class: com.nexsoft.phptravels_ujian04.TestRegisterFunctionality<br/>
<a href="#Output-867909510" onClick='toggleBox("Output-867909510", this, "Show output", "Hide output");'>Show output</a>

<a href="#Output-867909510" onClick="toggleAllBoxes();">Show all outputs</a>
<div class='log' id="Output-867909510">
<img src='file://D:\EclipseWorkSpace\Day20_PHPTravels_UjianM04\screenshot\20220617_155934.png'height="500" width="1200"/><br/>
</div>
</td>
<td></td>
<td>2</td>
<td>com.nexsoft.phptravels_ujian04.TestRegisterFunctionality@3cebbb30</td></tr>
<tr>
<td title='com.nexsoft.phptravels_ujian04.TestRegisterFunctionality.testRegister_Pass_and_repeatPassword_notSame()'><b>testRegister_Pass_and_repeatPassword_notSame</b><br>Test class: com.nexsoft.phptravels_ujian04.TestRegisterFunctionality<br/>
<a href="#Output-1883144272" onClick='toggleBox("Output-1883144272", this, "Show output", "Hide output");'>Show output</a>

<a href="#Output-1883144272" onClick="toggleAllBoxes();">Show all outputs</a>
<div class='log' id="Output-1883144272">
<img src='file://D:\EclipseWorkSpace\Day20_PHPTravels_UjianM04\screenshot\20220617_155940.png'height="500" width="1200"/><br/>
</div>
</td>
<td></td>
<td>2</td>
<td>com.nexsoft.phptravels_ujian04.TestRegisterFunctionality@3cebbb30</td></tr>
</table><p>
</body>
</html>